android/app/build/intermediates/manifest_merge_blame_file/debug/manifest-merger-blame-debug-report.txt
1<?xml version="1.0" encoding="utf-8"?>
2<manifest xmlns:android="http://schemas.android.com/apk/res/android"
3    package="com.trademe"
4    android:versionCode="1"
5    android:versionName="1.0" >
6
7    <uses-sdk
8        android:minSdkVersion="21"
9        android:targetSdkVersion="34" />
10
11    <uses-permission android:name="android.permission.INTERNET" />
11-->src/main/AndroidManifest.xml:3:4-66
11-->src/main/AndroidManifest.xml:3:21-63
12    <uses-permission android:name="android.permission.ACCESS_FINE_LOCATION" />
12-->src/main/AndroidManifest.xml:4:5-79
12-->src/main/AndroidManifest.xml:4:22-76
13    <uses-permission android:name="android.permission.ACCESS_COARSE_LOCATION" />
13-->src/main/AndroidManifest.xml:5:5-81
13-->src/main/AndroidManifest.xml:5:22-78
14    <uses-permission android:name="android.permission.ACCESS_NETWORK_STATE" />
14-->src/main/AndroidManifest.xml:6:5-79
14-->src/main/AndroidManifest.xml:6:22-76
15    <!--
16    This manifest file is used only by Gradle to configure debug-only capabilities
17    for React Native Apps.
18    -->
19    <uses-permission android:name="android.permission.SYSTEM_ALERT_WINDOW" />
19-->[com.facebook.react:react-android:0.73.9] AndroidManifest.xml:16:5-78
19-->[com.facebook.react:react-android:0.73.9] AndroidManifest.xml:16:22-75
20    <uses-permission android:name="android.permission.ACCESS_WIFI_STATE" />
20-->[com.facebook.flipper:flipper:0.201.0] AndroidManifest.xml:14:5-76
20-->[com.facebook.flipper:flipper:0.201.0] AndroidManifest.xml:14:22-73
21
22    <uses-feature
22-->[com.google.android.gms:play-services-maps:18.2.0] AndroidManifest.xml:26:5-28:35
23        android:glEsVersion="0x00020000"
23-->[com.google.android.gms:play-services-maps:18.2.0] AndroidManifest.xml:27:9-41
24        android:required="true" />
24-->[com.google.android.gms:play-services-maps:18.2.0] AndroidManifest.xml:28:9-32
25
26    <queries>
26-->[com.google.android.gms:play-services-maps:18.2.0] AndroidManifest.xml:30:5-34:15
27
28        <!-- Needs to be explicitly declared on Android R+ -->
29        <package android:name="com.google.android.apps.maps" />
29-->[com.google.android.gms:play-services-maps:18.2.0] AndroidManifest.xml:33:9-64
29-->[com.google.android.gms:play-services-maps:18.2.0] AndroidManifest.xml:33:18-61
30    </queries>
31
32    <uses-permission android:name="android.permission.WAKE_LOCK" />
32-->[androidx.work:work-runtime:2.7.1] AndroidManifest.xml:25:5-68
32-->[androidx.work:work-runtime:2.7.1] AndroidManifest.xml:25:22-65
33    <uses-permission android:name="android.permission.RECEIVE_BOOT_COMPLETED" />
33-->[androidx.work:work-runtime:2.7.1] AndroidManifest.xml:27:5-81
33-->[androidx.work:work-runtime:2.7.1] AndroidManifest.xml:27:22-78
34    <uses-permission android:name="android.permission.FOREGROUND_SERVICE" />
34-->[androidx.work:work-runtime:2.7.1] AndroidManifest.xml:28:5-77
34-->[androidx.work:work-runtime:2.7.1] AndroidManifest.xml:28:22-74
35
36    <permission
36-->[androidx.core:core:1.9.0] AndroidManifest.xml:22:5-24:47
37        android:name="com.trademe.DYNAMIC_RECEIVER_NOT_EXPORTED_PERMISSION"
37-->[androidx.core:core:1.9.0] AndroidManifest.xml:23:9-81
38        android:protectionLevel="signature" />
38-->[androidx.core:core:1.9.0] AndroidManifest.xml:24:9-44
39
40    <uses-permission android:name="com.trademe.DYNAMIC_RECEIVER_NOT_EXPORTED_PERMISSION" />
40-->[androidx.core:core:1.9.0] AndroidManifest.xml:26:5-97
40-->[androidx.core:core:1.9.0] AndroidManifest.xml:26:22-94
41
42    <application
42-->src/main/AndroidManifest.xml:7:5-29:19
43        android:name="com.trademe.MainApplication"
43-->src/main/AndroidManifest.xml:8:7-38
44        android:allowBackup="false"
44-->src/main/AndroidManifest.xml:12:7-34
45        android:appComponentFactory="androidx.core.app.CoreComponentFactory"
45-->[androidx.core:core:1.9.0] AndroidManifest.xml:28:18-86
46        android:debuggable="true"
47        android:extractNativeLibs="true"
48        android:icon="@mipmap/ic_launcher"
48-->src/main/AndroidManifest.xml:10:7-41
49        android:label="@string/app_name"
49-->src/main/AndroidManifest.xml:9:7-39
50        android:roundIcon="@mipmap/ic_launcher_round"
50-->src/main/AndroidManifest.xml:11:7-52
51        android:theme="@style/AppTheme"
51-->src/main/AndroidManifest.xml:13:7-38
52        android:usesCleartextTraffic="true" >
52-->src/debug/AndroidManifest.xml:6:9-44
53        <meta-data
53-->src/main/AndroidManifest.xml:14:8-16:64
54            android:name="com.google.android.geo.API_KEY"
54-->src/main/AndroidManifest.xml:15:7-52
55            android:value="AIzaSyAUI_hqf3GJQ7c80e0rK9aki1fT6kDVuiU" />
55-->src/main/AndroidManifest.xml:16:7-62
56
57        <activity
57-->src/main/AndroidManifest.xml:17:7-28:18
58            android:name="com.trademe.MainActivity"
58-->src/main/AndroidManifest.xml:18:9-37
59            android:configChanges="keyboard|keyboardHidden|orientation|screenLayout|screenSize|smallestScreenSize|uiMode"
59-->src/main/AndroidManifest.xml:20:9-118
60            android:exported="true"
60-->src/main/AndroidManifest.xml:23:9-32
61            android:label="@string/app_name"
61-->src/main/AndroidManifest.xml:19:9-41
62            android:launchMode="singleTask"
62-->src/main/AndroidManifest.xml:21:9-40
63            android:windowSoftInputMode="adjustResize" >
63-->src/main/AndroidManifest.xml:22:9-51
64            <intent-filter>
64-->src/main/AndroidManifest.xml:24:9-27:25
65                <action android:name="android.intent.action.MAIN" />
65-->src/main/AndroidManifest.xml:25:13-65
65-->src/main/AndroidManifest.xml:25:21-62
66
67                <category android:name="android.intent.category.LAUNCHER" />
67-->src/main/AndroidManifest.xml:26:13-73
67-->src/main/AndroidManifest.xml:26:23-70
68            </intent-filter>
69        </activity>
70        <activity
70-->[com.facebook.react:react-android:0.73.9] AndroidManifest.xml:19:9-21:40
71            android:name="com.facebook.react.devsupport.DevSettingsActivity"
71-->[com.facebook.react:react-android:0.73.9] AndroidManifest.xml:20:13-77
72            android:exported="false" />
72-->[com.facebook.react:react-android:0.73.9] AndroidManifest.xml:21:13-37
73
74        <meta-data
74-->[com.google.maps.android:android-maps-utils:3.8.2] AndroidManifest.xml:8:9-10:69
75            android:name="com.google.android.gms.version"
75-->[com.google.maps.android:android-maps-utils:3.8.2] AndroidManifest.xml:9:13-58
76            android:value="@integer/google_play_services_version" /> <!-- Needs to be explicitly declared on P+ -->
76-->[com.google.maps.android:android-maps-utils:3.8.2] AndroidManifest.xml:10:13-66
77        <uses-library
77-->[com.google.android.gms:play-services-maps:18.2.0] AndroidManifest.xml:39:9-41:40
78            android:name="org.apache.http.legacy"
78-->[com.google.android.gms:play-services-maps:18.2.0] AndroidManifest.xml:40:13-50
79            android:required="false" />
79-->[com.google.android.gms:play-services-maps:18.2.0] AndroidManifest.xml:41:13-37
80
81        <activity
81-->[com.google.android.gms:play-services-base:18.2.0] AndroidManifest.xml:20:9-22:45
82            android:name="com.google.android.gms.common.api.GoogleApiActivity"
82-->[com.google.android.gms:play-services-base:18.2.0] AndroidManifest.xml:20:19-85
83            android:exported="false"
83-->[com.google.android.gms:play-services-base:18.2.0] AndroidManifest.xml:22:19-43
84            android:theme="@android:style/Theme.Translucent.NoTitleBar" />
84-->[com.google.android.gms:play-services-base:18.2.0] AndroidManifest.xml:21:19-78
85
86        <provider
86-->[androidx.work:work-runtime:2.7.1] AndroidManifest.xml:31:9-39:20
87            android:name="androidx.startup.InitializationProvider"
87-->[androidx.work:work-runtime:2.7.1] AndroidManifest.xml:32:13-67
88            android:authorities="com.trademe.androidx-startup"
88-->[androidx.work:work-runtime:2.7.1] AndroidManifest.xml:33:13-68
89            android:exported="false" >
89-->[androidx.work:work-runtime:2.7.1] AndroidManifest.xml:34:13-37
90            <meta-data
90-->[androidx.work:work-runtime:2.7.1] AndroidManifest.xml:36:13-38:52
91                android:name="androidx.work.WorkManagerInitializer"
91-->[androidx.work:work-runtime:2.7.1] AndroidManifest.xml:37:17-68
92                android:value="androidx.startup" />
92-->[androidx.work:work-runtime:2.7.1] AndroidManifest.xml:38:17-49
93            <meta-data
93-->[androidx.emoji2:emoji2:1.2.0] AndroidManifest.xml:29:13-31:52
94                android:name="androidx.emoji2.text.EmojiCompatInitializer"
94-->[androidx.emoji2:emoji2:1.2.0] AndroidManifest.xml:30:17-75
95                android:value="androidx.startup" />
95-->[androidx.emoji2:emoji2:1.2.0] AndroidManifest.xml:31:17-49
96            <meta-data
96-->[androidx.lifecycle:lifecycle-process:2.4.1] AndroidManifest.xml:31:13-33:52
97                android:name="androidx.lifecycle.ProcessLifecycleInitializer"
97-->[androidx.lifecycle:lifecycle-process:2.4.1] AndroidManifest.xml:32:17-78
98                android:value="androidx.startup" />
98-->[androidx.lifecycle:lifecycle-process:2.4.1] AndroidManifest.xml:33:17-49
99        </provider>
100
101        <service
101-->[androidx.work:work-runtime:2.7.1] AndroidManifest.xml:41:9-46:35
102            android:name="androidx.work.impl.background.systemalarm.SystemAlarmService"
102-->[androidx.work:work-runtime:2.7.1] AndroidManifest.xml:42:13-88
103            android:directBootAware="false"
103-->[androidx.work:work-runtime:2.7.1] AndroidManifest.xml:43:13-44
104            android:enabled="@bool/enable_system_alarm_service_default"
104-->[androidx.work:work-runtime:2.7.1] AndroidManifest.xml:44:13-72
105            android:exported="false" />
105-->[androidx.work:work-runtime:2.7.1] AndroidManifest.xml:45:13-37
106        <service
106-->[androidx.work:work-runtime:2.7.1] AndroidManifest.xml:47:9-53:35
107            android:name="androidx.work.impl.background.systemjob.SystemJobService"
107-->[androidx.work:work-runtime:2.7.1] AndroidManifest.xml:48:13-84
108            android:directBootAware="false"
108-->[androidx.work:work-runtime:2.7.1] AndroidManifest.xml:49:13-44
109            android:enabled="@bool/enable_system_job_service_default"
109-->[androidx.work:work-runtime:2.7.1] AndroidManifest.xml:50:13-70
110            android:exported="true"
110-->[androidx.work:work-runtime:2.7.1] AndroidManifest.xml:51:13-36
111            android:permission="android.permission.BIND_JOB_SERVICE" />
111-->[androidx.work:work-runtime:2.7.1] AndroidManifest.xml:52:13-69
112        <service
112-->[androidx.work:work-runtime:2.7.1] AndroidManifest.xml:54:9-59:35
113            android:name="androidx.work.impl.foreground.SystemForegroundService"
113-->[androidx.work:work-runtime:2.7.1] AndroidManifest.xml:55:13-81
114            android:directBootAware="false"
114-->[androidx.work:work-runtime:2.7.1] AndroidManifest.xml:56:13-44
115            android:enabled="@bool/enable_system_foreground_service_default"
115-->[androidx.work:work-runtime:2.7.1] AndroidManifest.xml:57:13-77
116            android:exported="false" />
116-->[androidx.work:work-runtime:2.7.1] AndroidManifest.xml:58:13-37
117
118        <receiver
118-->[androidx.work:work-runtime:2.7.1] AndroidManifest.xml:61:9-66:35
119            android:name="androidx.work.impl.utils.ForceStopRunnable$BroadcastReceiver"
119-->[androidx.work:work-runtime:2.7.1] AndroidManifest.xml:62:13-88
120            android:directBootAware="false"
120-->[androidx.work:work-runtime:2.7.1] AndroidManifest.xml:63:13-44
121            android:enabled="true"
121-->[androidx.work:work-runtime:2.7.1] AndroidManifest.xml:64:13-35
122            android:exported="false" />
122-->[androidx.work:work-runtime:2.7.1] AndroidManifest.xml:65:13-37
123        <receiver
123-->[androidx.work:work-runtime:2.7.1] AndroidManifest.xml:67:9-77:20
124            android:name="androidx.work.impl.background.systemalarm.ConstraintProxy$BatteryChargingProxy"
124-->[androidx.work:work-runtime:2.7.1] AndroidManifest.xml:68:13-106
125            android:directBootAware="false"
125-->[androidx.work:work-runtime:2.7.1] AndroidManifest.xml:69:13-44
126            android:enabled="false"
126-->[androidx.work:work-runtime:2.7.1] AndroidManifest.xml:70:13-36
127            android:exported="false" >
127-->[androidx.work:work-runtime:2.7.1] AndroidManifest.xml:71:13-37
128            <intent-filter>
128-->[androidx.work:work-runtime:2.7.1] AndroidManifest.xml:73:13-76:29
129                <action android:name="android.intent.action.ACTION_POWER_CONNECTED" />
129-->[androidx.work:work-runtime:2.7.1] AndroidManifest.xml:74:17-87
129-->[androidx.work:work-runtime:2.7.1] AndroidManifest.xml:74:25-84
130                <action android:name="android.intent.action.ACTION_POWER_DISCONNECTED" />
130-->[androidx.work:work-runtime:2.7.1] AndroidManifest.xml:75:17-90
130-->[androidx.work:work-runtime:2.7.1] AndroidManifest.xml:75:25-87
131            </intent-filter>
132        </receiver>
133        <receiver
133-->[androidx.work:work-runtime:2.7.1] AndroidManifest.xml:78:9-88:20
134            android:name="androidx.work.impl.background.systemalarm.ConstraintProxy$BatteryNotLowProxy"
134-->[androidx.work:work-runtime:2.7.1] AndroidManifest.xml:79:13-104
135            android:directBootAware="false"
135-->[androidx.work:work-runtime:2.7.1] AndroidManifest.xml:80:13-44
136            android:enabled="false"
136-->[androidx.work:work-runtime:2.7.1] AndroidManifest.xml:81:13-36
137            android:exported="false" >
137-->[androidx.work:work-runtime:2.7.1] AndroidManifest.xml:82:13-37
138            <intent-filter>
138-->[androidx.work:work-runtime:2.7.1] AndroidManifest.xml:84:13-87:29
139                <action android:name="android.intent.action.BATTERY_OKAY" />
139-->[androidx.work:work-runtime:2.7.1] AndroidManifest.xml:85:17-77
139-->[androidx.work:work-runtime:2.7.1] AndroidManifest.xml:85:25-74
140                <action android:name="android.intent.action.BATTERY_LOW" />
140-->[androidx.work:work-runtime:2.7.1] AndroidManifest.xml:86:17-76
140-->[androidx.work:work-runtime:2.7.1] AndroidManifest.xml:86:25-73
141            </intent-filter>
142        </receiver>
143        <receiver
143-->[androidx.work:work-runtime:2.7.1] AndroidManifest.xml:89:9-99:20
144            android:name="androidx.work.impl.background.systemalarm.ConstraintProxy$StorageNotLowProxy"
144-->[androidx.work:work-runtime:2.7.1] AndroidManifest.xml:90:13-104
145            android:directBootAware="false"
145-->[androidx.work:work-runtime:2.7.1] AndroidManifest.xml:91:13-44
146            android:enabled="false"
146-->[androidx.work:work-runtime:2.7.1] AndroidManifest.xml:92:13-36
147            android:exported="false" >
147-->[androidx.work:work-runtime:2.7.1] AndroidManifest.xml:93:13-37
148            <intent-filter>
148-->[androidx.work:work-runtime:2.7.1] AndroidManifest.xml:95:13-98:29
149                <action android:name="android.intent.action.DEVICE_STORAGE_LOW" />
149-->[androidx.work:work-runtime:2.7.1] AndroidManifest.xml:96:17-83
149-->[androidx.work:work-runtime:2.7.1] AndroidManifest.xml:96:25-80
150                <action android:name="android.intent.action.DEVICE_STORAGE_OK" />
150-->[androidx.work:work-runtime:2.7.1] AndroidManifest.xml:97:17-82
150-->[androidx.work:work-runtime:2.7.1] AndroidManifest.xml:97:25-79
151            </intent-filter>
152        </receiver>
153        <receiver
153-->[androidx.work:work-runtime:2.7.1] AndroidManifest.xml:100:9-109:20
154            android:name="androidx.work.impl.background.systemalarm.ConstraintProxy$NetworkStateProxy"
154-->[androidx.work:work-runtime:2.7.1] AndroidManifest.xml:101:13-103
155            android:directBootAware="false"
155-->[androidx.work:work-runtime:2.7.1] AndroidManifest.xml:102:13-44
156            android:enabled="false"
156-->[androidx.work:work-runtime:2.7.1] AndroidManifest.xml:103:13-36
157            android:exported="false" >
157-->[androidx.work:work-runtime:2.7.1] AndroidManifest.xml:104:13-37
158            <intent-filter>
158-->[androidx.work:work-runtime:2.7.1] AndroidManifest.xml:106:13-108:29
159                <action android:name="android.net.conn.CONNECTIVITY_CHANGE" />
159-->[androidx.work:work-runtime:2.7.1] AndroidManifest.xml:107:17-79
159-->[androidx.work:work-runtime:2.7.1] AndroidManifest.xml:107:25-76
160            </intent-filter>
161        </receiver>
162        <receiver
162-->[androidx.work:work-runtime:2.7.1] AndroidManifest.xml:110:9-121:20
163            android:name="androidx.work.impl.background.systemalarm.RescheduleReceiver"
163-->[androidx.work:work-runtime:2.7.1] AndroidManifest.xml:111:13-88
164            android:directBootAware="false"
164-->[androidx.work:work-runtime:2.7.1] AndroidManifest.xml:112:13-44
165            android:enabled="false"
165-->[androidx.work:work-runtime:2.7.1] AndroidManifest.xml:113:13-36
166            android:exported="false" >
166-->[androidx.work:work-runtime:2.7.1] AndroidManifest.xml:114:13-37
167            <intent-filter>
167-->[androidx.work:work-runtime:2.7.1] AndroidManifest.xml:116:13-120:29
168                <action android:name="android.intent.action.BOOT_COMPLETED" />
168-->[androidx.work:work-runtime:2.7.1] AndroidManifest.xml:117:17-79
168-->[androidx.work:work-runtime:2.7.1] AndroidManifest.xml:117:25-76
169                <action android:name="android.intent.action.TIME_SET" />
169-->[androidx.work:work-runtime:2.7.1] AndroidManifest.xml:118:17-73
169-->[androidx.work:work-runtime:2.7.1] AndroidManifest.xml:118:25-70
170                <action android:name="android.intent.action.TIMEZONE_CHANGED" />
170-->[androidx.work:work-runtime:2.7.1] AndroidManifest.xml:119:17-81
170-->[androidx.work:work-runtime:2.7.1] AndroidManifest.xml:119:25-78
171            </intent-filter>
172        </receiver>
173        <receiver
173-->[androidx.work:work-runtime:2.7.1] AndroidManifest.xml:122:9-131:20
174            android:name="androidx.work.impl.background.systemalarm.ConstraintProxyUpdateReceiver"
174-->[androidx.work:work-runtime:2.7.1] AndroidManifest.xml:123:13-99
175            android:directBootAware="false"
175-->[androidx.work:work-runtime:2.7.1] AndroidManifest.xml:124:13-44
176            android:enabled="@bool/enable_system_alarm_service_default"
176-->[androidx.work:work-runtime:2.7.1] AndroidManifest.xml:125:13-72
177            android:exported="false" >
177-->[androidx.work:work-runtime:2.7.1] AndroidManifest.xml:126:13-37
178            <intent-filter>
178-->[androidx.work:work-runtime:2.7.1] AndroidManifest.xml:128:13-130:29
179                <action android:name="androidx.work.impl.background.systemalarm.UpdateProxies" />
179-->[androidx.work:work-runtime:2.7.1] AndroidManifest.xml:129:17-98
179-->[androidx.work:work-runtime:2.7.1] AndroidManifest.xml:129:25-95
180            </intent-filter>
181        </receiver>
182        <receiver
182-->[androidx.work:work-runtime:2.7.1] AndroidManifest.xml:132:9-142:20
183            android:name="androidx.work.impl.diagnostics.DiagnosticsReceiver"
183-->[androidx.work:work-runtime:2.7.1] AndroidManifest.xml:133:13-78
184            android:directBootAware="false"
184-->[androidx.work:work-runtime:2.7.1] AndroidManifest.xml:134:13-44
185            android:enabled="true"
185-->[androidx.work:work-runtime:2.7.1] AndroidManifest.xml:135:13-35
186            android:exported="true"
186-->[androidx.work:work-runtime:2.7.1] AndroidManifest.xml:136:13-36
187            android:permission="android.permission.DUMP" >
187-->[androidx.work:work-runtime:2.7.1] AndroidManifest.xml:137:13-57
188            <intent-filter>
188-->[androidx.work:work-runtime:2.7.1] AndroidManifest.xml:139:13-141:29
189                <action android:name="androidx.work.diagnostics.REQUEST_DIAGNOSTICS" />
189-->[androidx.work:work-runtime:2.7.1] AndroidManifest.xml:140:17-88
189-->[androidx.work:work-runtime:2.7.1] AndroidManifest.xml:140:25-85
190            </intent-filter>
191        </receiver>
192
193        <service
193-->[androidx.room:room-runtime:2.2.5] AndroidManifest.xml:25:9-28:40
194            android:name="androidx.room.MultiInstanceInvalidationService"
194-->[androidx.room:room-runtime:2.2.5] AndroidManifest.xml:26:13-74
195            android:directBootAware="true"
195-->[androidx.room:room-runtime:2.2.5] AndroidManifest.xml:27:13-43
196            android:exported="false" />
196-->[androidx.room:room-runtime:2.2.5] AndroidManifest.xml:28:13-37
197
198        <meta-data
198-->[com.facebook.soloader:soloader:0.10.5] AndroidManifest.xml:12:9-14:37
199            android:name="com.facebook.soloader.enabled"
199-->[com.facebook.soloader:soloader:0.10.5] AndroidManifest.xml:13:13-57
200            android:value="false" />
200-->[com.facebook.soloader:soloader:0.10.5] AndroidManifest.xml:14:13-34
201    </application>
202
203</manifest>